This is pdfTeX, Version 3.1415926-2.5-1.40.14 (TeX Live 2013) (format=pdflatex 2014.4.1)  14 MAY 2014 18:28
entering extended mode
 restricted \write18 enabled.
 %&-line parsing enabled.
**SSP_paper
(./SSP_paper.tex
LaTeX2e <2011/06/27>
Babel <3.9f> and hyphenation patterns for 78 languages loaded.
(./jfm.cls
Document Class: jfm 2006/11/13 v1.27 Journal of Fluid Mechanics document class
\halflineskip=\skip41
\affilskip=\skip42
\c@part=\count79
\c@section=\count80
\c@subsection=\count81
\c@subsubsection=\count82
\c@paragraph=\count83
\@indentskip=\skip43
\smallindent=\skip44
\@footindent=\skip45
\@leftskip=\skip46
\proofbox=\box26
\rpbdim=\skip47
\@stequation=\toks14
\c@subequation=\count84
\c@table=\count85
\c@figure=\count86
LaTeX Info: Redefining \cite on input line 1072.
) (/usr/local/texlive/2013/texmf-dist/tex/latex/graphics/graphicx.sty
Package: graphicx 1999/02/16 v1.0f Enhanced LaTeX Graphics (DPC,SPQR)

(/usr/local/texlive/2013/texmf-dist/tex/latex/graphics/keyval.sty
Package: keyval 1999/03/16 v1.13 key=value parser (DPC)
\KV@toks@=\toks15
)
(/usr/local/texlive/2013/texmf-dist/tex/latex/graphics/graphics.sty
Package: graphics 2009/02/05 v1.0o Standard LaTeX Graphics (DPC,SPQR)

(/usr/local/texlive/2013/texmf-dist/tex/latex/graphics/trig.sty
Package: trig 1999/03/16 v1.09 sin cos tan (DPC)
)
(/usr/local/texlive/2013/texmf-dist/tex/latex/latexconfig/graphics.cfg
File: graphics.cfg 2010/04/23 v1.9 graphics configuration of TeX Live
)
Package graphics Info: Driver file: pdftex.def on input line 91.

(/usr/local/texlive/2013/texmf-dist/tex/latex/pdftex-def/pdftex.def
File: pdftex.def 2011/05/27 v0.06d Graphics/color for pdfTeX

(/usr/local/texlive/2013/texmf-dist/tex/generic/oberdiek/infwarerr.sty
Package: infwarerr 2010/04/08 v1.3 Providing info/warning/error messages (HO)
)
(/usr/local/texlive/2013/texmf-dist/tex/generic/oberdiek/ltxcmds.sty
Package: ltxcmds 2011/11/09 v1.22 LaTeX kernel commands for general use (HO)
)
\Gread@gobject=\count87
))
\Gin@req@height=\dimen102
\Gin@req@width=\dimen103
)
(./natbib.sty
Package: natbib 2000/07/24 7.0a (PWD)
\bibhang=\skip48
\bibsep=\skip49
LaTeX Info: Redefining \cite on input line 508.
\c@NAT@ctr=\count88
)
(/usr/local/texlive/2013/texmf-dist/tex/latex/caption/caption.sty
Package: caption 2013/05/02 v3.3-89 Customizing captions (AR)

(/usr/local/texlive/2013/texmf-dist/tex/latex/caption/caption3.sty
Package: caption3 2013/05/02 v1.6-88 caption3 kernel (AR)
Package caption3 Info: TeX engine: e-TeX on input line 57.
\captionmargin=\dimen104
\captionmargin@=\dimen105
\captionwidth=\dimen106
\caption@tempdima=\dimen107
\caption@indent=\dimen108
\caption@parindent=\dimen109
\caption@hangindent=\dimen110
\abovecaptionskip=\skip50
\belowcaptionskip=\skip51
Package caption Info: Unknown document class (or package),
(caption)             standard defaults will be used.
)

Package caption Warning: Unsupported document class (or package) detected,
(caption)                usage of the caption package is not recommended.
See the caption package documentation for explanation.

Package caption Info: \@makecaption = \long macro:#1#2->\ifbot@fig \rule {\text
width }{.25pt}\fi \vskip 5\p@ \@plus .4\p@ \@minus .4\p@ \begingroup \small \se
tbox \@tempboxa \hbox {{\normalfont \scshape #1\ifrem@fullpt \else .\fi } #2}\i
fdim \wd \@tempboxa >\tw@ \hsize \unhbox \@tempboxa \par \else {\centering \unh
box \@tempboxa \par }\fi \endgroup \global \rem@fullptfalse \global \bot@figfal
se .
\c@ContinuedFloat=\count89
) (/usr/local/texlive/2013/texmf-dist/tex/latex/caption/subcaption.sty
Package: subcaption 2013/02/03 v1.1-62 Sub-captions (AR)
\c@subfigure=\count90
\c@subtable=\count91
)
(/usr/local/texlive/2013/texmf-dist/tex/latex/mh/mathtools.sty
Package: mathtools 2013/02/12 v1.13 mathematical typesetting tools

(/usr/local/texlive/2013/texmf-dist/tex/latex/tools/calc.sty
Package: calc 2007/08/22 v4.3 Infix arithmetic (KKT,FJ)
\calc@Acount=\count92
\calc@Bcount=\count93
\calc@Adimen=\dimen111
\calc@Bdimen=\dimen112
\calc@Askip=\skip52
\calc@Bskip=\skip53
LaTeX Info: Redefining \setlength on input line 76.
LaTeX Info: Redefining \addtolength on input line 77.
\calc@Ccount=\count94
\calc@Cskip=\skip54
)
(/usr/local/texlive/2013/texmf-dist/tex/latex/mh/mhsetup.sty
Package: mhsetup 2010/01/21 v1.2a programming setup (MH)
)
(/usr/local/texlive/2013/texmf-dist/tex/latex/amsmath/amsmath.sty
Package: amsmath 2013/01/14 v2.14 AMS math features
\@mathmargin=\skip55

For additional information on amsmath, use the `?' option.
(/usr/local/texlive/2013/texmf-dist/tex/latex/amsmath/amstext.sty
Package: amstext 2000/06/29 v2.01
 (./amsgen.sty
File: amsgen.sty 1995/02/01 v1.2a
\@emptytoks=\toks16
\ex@=\dimen113
)) (./amsbsy.sty
Package: amsbsy 1995/01/20 v1.2
\pmbraise@=\dimen114
)
(/usr/local/texlive/2013/texmf-dist/tex/latex/amsmath/amsopn.sty
Package: amsopn 1999/12/14 v2.01 operator names
)
\inf@bad=\count95
LaTeX Info: Redefining \frac on input line 210.
\uproot@=\count96
\leftroot@=\count97
LaTeX Info: Redefining \overline on input line 306.
\classnum@=\count98
\DOTSCASE@=\count99
LaTeX Info: Redefining \ldots on input line 378.
LaTeX Info: Redefining \dots on input line 381.
LaTeX Info: Redefining \cdots on input line 466.
\Mathstrutbox@=\box27
\strutbox@=\box28
\big@size=\dimen115
LaTeX Font Info:    Redeclaring font encoding OML on input line 566.
LaTeX Font Info:    Redeclaring font encoding OMS on input line 567.
\macc@depth=\count100
\c@MaxMatrixCols=\count101
\dotsspace@=\muskip10
\c@parentequation=\count102
\dspbrk@lvl=\count103
\tag@help=\toks17
\row@=\count104
\column@=\count105
\maxfields@=\count106
\andhelp@=\toks18
\eqnshift@=\dimen116
\alignsep@=\dimen117
\tagshift@=\dimen118
\tagwidth@=\dimen119
\totwidth@=\dimen120
\lineht@=\dimen121
\@envbody=\toks19
\multlinegap=\skip56
\multlinetaggap=\skip57
\mathdisplay@stack=\toks20
LaTeX Info: Redefining \[ on input line 2665.
LaTeX Info: Redefining \] on input line 2666.
)
LaTeX Info: Thecontrolsequence`\['isalreadyrobust on input line 129.
LaTeX Info: Thecontrolsequence`\]'isalreadyrobust on input line 129.
\g_MT_multlinerow_int=\count107
\l_MT_multwidth_dim=\dimen122
\origjot=\skip58
\l_MT_shortvdotswithinadjustabove_dim=\dimen123
\l_MT_shortvdotswithinadjustbelow_dim=\dimen124
\l_MT_above_intertext_sep=\dimen125
\l_MT_below_intertext_sep=\dimen126
\l_MT_above_shortintertext_sep=\dimen127
\l_MT_below_shortintertext_sep=\dimen128
)


Found AMS Euler Roman fonts on the system, using the 'upmath' package.

(./upmath.sty
Package: upmath 1996/10/20 v1.0 CUP LaTeX2e package
\c@mv@upright=\count108
\c@mv@boldupright=\count109
LaTeX Font Info:    Overwriting symbol font `letters' in version `upright'
(Font)                  OML/cmm/m/it --> OML/eur/m/n on input line 65.
LaTeX Font Info:    Overwriting symbol font `letters' in version `boldupright'
(Font)                  OML/cmm/m/it --> OML/eur/b/n on input line 66.
)


Found AMS Symbol fonts on the system, using the 'amssymb' package.

(./amssymb.sty
Package: amssymb 1995/02/01 v2.2a
 (./amsfonts.sty
Package: amsfonts 1995/02/01 v2.2b
\symAMSa=\mathgroup4
\symAMSb=\mathgroup5
LaTeX Font Info:    Overwriting math alphabet `\mathfrak' in version `bold'
(Font)                  U/euf/m/n --> U/euf/b/n on input line 128.
))

Found the 'amsbsy' package on the system, using it.

\astrutbox=\box29
\c@lemma=\count110
\c@corollary=\count111
(./SSP_paper.aux

LaTeX Warning: Label `fig:eigenmode_visco' multiply defined.

)
\openout1 = `SSP_paper.aux'.

LaTeX Font Info:    Checking defaults for OML/cmm/m/it on input line 158.
LaTeX Font Info:    ... okay on input line 158.
LaTeX Font Info:    Checking defaults for T1/cmr/m/n on input line 158.
LaTeX Font Info:    ... okay on input line 158.
LaTeX Font Info:    Checking defaults for OT1/cmr/m/n on input line 158.
LaTeX Font Info:    ... okay on input line 158.
LaTeX Font Info:    Checking defaults for OMS/cmsy/m/n on input line 158.
LaTeX Font Info:    ... okay on input line 158.
LaTeX Font Info:    Checking defaults for OMX/cmex/m/n on input line 158.
LaTeX Font Info:    ... okay on input line 158.
LaTeX Font Info:    Checking defaults for U/cmr/m/n on input line 158.
LaTeX Font Info:    ... okay on input line 158.
 (/usr/local/texlive/2013/texmf-dist/tex/context/base/supp-pdf.mkii
[Loading MPS to PDF converter (version 2006.09.02).]
\scratchcounter=\count112
\scratchdimen=\dimen129
\scratchbox=\box30
\nofMPsegments=\count113
\nofMParguments=\count114
\everyMPshowfont=\toks21
\MPscratchCnt=\count115
\MPscratchDim=\dimen130
\MPnumerator=\count116
\makeMPintoPDFobject=\count117
\everyMPtoPDFconversion=\toks22
) (/usr/local/texlive/2013/texmf-dist/tex/generic/oberdiek/pdftexcmds.sty
Package: pdftexcmds 2011/11/29 v0.20 Utility functions of pdfTeX for LuaTeX (HO
)

(/usr/local/texlive/2013/texmf-dist/tex/generic/oberdiek/ifluatex.sty
Package: ifluatex 2010/03/01 v1.3 Provides the ifluatex switch (HO)
Package ifluatex Info: LuaTeX not detected.
)
(/usr/local/texlive/2013/texmf-dist/tex/generic/oberdiek/ifpdf.sty
Package: ifpdf 2011/01/30 v2.3 Provides the ifpdf switch (HO)
Package ifpdf Info: pdfTeX in PDF mode is detected.
)
Package pdftexcmds Info: LuaTeX not detected.
Package pdftexcmds Info: \pdf@primitive is available.
Package pdftexcmds Info: \pdf@ifprimitive is available.
Package pdftexcmds Info: \pdfdraftmode found.
)
(/usr/local/texlive/2013/texmf-dist/tex/latex/oberdiek/epstopdf-base.sty
Package: epstopdf-base 2010/02/09 v2.5 Base part for package epstopdf

(/usr/local/texlive/2013/texmf-dist/tex/latex/oberdiek/grfext.sty
Package: grfext 2010/08/19 v1.1 Manage graphics extensions (HO)

(/usr/local/texlive/2013/texmf-dist/tex/generic/oberdiek/kvdefinekeys.sty
Package: kvdefinekeys 2011/04/07 v1.3 Define keys (HO)
))
(/usr/local/texlive/2013/texmf-dist/tex/latex/oberdiek/kvoptions.sty
Package: kvoptions 2011/06/30 v3.11 Key value format for package options (HO)

(/usr/local/texlive/2013/texmf-dist/tex/generic/oberdiek/kvsetkeys.sty
Package: kvsetkeys 2012/04/25 v1.16 Key value parser (HO)

(/usr/local/texlive/2013/texmf-dist/tex/generic/oberdiek/etexcmds.sty
Package: etexcmds 2011/02/16 v1.5 Avoid name clashes with e-TeX commands (HO)
Package etexcmds Info: Could not find \expanded.
(etexcmds)             That can mean that you are not using pdfTeX 1.50 or
(etexcmds)             that some package has redefined \expanded.
(etexcmds)             In the latter case, load this package earlier.
)))
Package grfext Info: Graphics extension search list:
(grfext)             [.png,.pdf,.jpg,.mps,.jpeg,.jbig2,.jb2,.PNG,.PDF,.JPG,.JPE
G,.JBIG2,.JB2,.eps]
(grfext)             \AppendGraphicsExtensions on input line 452.

(/usr/local/texlive/2013/texmf-dist/tex/latex/latexconfig/epstopdf-sys.cfg
File: epstopdf-sys.cfg 2010/07/13 v1.3 Configuration of (r)epstopdf for TeX Liv
e
))
Package caption Info: Begin \AtBeginDocument code.
Package caption Info: End \AtBeginDocument code.
LaTeX Font Info:    Try loading font information for U+msa on input line 161.

(/usr/local/texlive/2013/texmf-dist/tex/latex/amsfonts/umsa.fd
File: umsa.fd 2013/01/14 v3.01 AMS symbols A
)
LaTeX Font Info:    Try loading font information for U+msb on input line 161.

(/usr/local/texlive/2013/texmf-dist/tex/latex/amsfonts/umsb.fd
File: umsb.fd 2013/01/14 v3.01 AMS symbols B
)
Underfull \hbox (badness 10000) has occurred while \output is active

 []

[1{/usr/local/texlive/2013/texmf-var/fonts/map/pdftex/updmap/pdftex.map}]
Underfull \vbox (badness 1953) has occurred while \output is active []

 [2]
[3]

Package caption Warning: \label without proper \caption on input line 374.
See the caption package documentation for explanation.


LaTeX Warning: Reference `fig:pf_N1_map' on page 4 undefined on input line 350.


<./figures/vorticity_map_Re200_Wi2_amp002.pdf, id=28, 578.16pt x 433.62pt>
File: ./figures/vorticity_map_Re200_Wi2_amp002.pdf Graphic file (type pdf)

<use ./figures/vorticity_map_Re200_Wi2_amp002.pdf>
Package pdftex.def Info: ./figures/vorticity_map_Re200_Wi2_amp002.pdf used on i
nput line 368.
(pdftex.def)             Requested size: 184.31836pt x 138.23853pt.

<./figures/N1_map_Rey002_Wi2_amp002.pdf, id=29, 578.16pt x 433.62pt>
File: ./figures/N1_map_Rey002_Wi2_amp002.pdf Graphic file (type pdf)

<use ./figures/N1_map_Rey002_Wi2_amp002.pdf>
Package pdftex.def Info: ./figures/N1_map_Rey002_Wi2_amp002.pdf used on input l
ine 373.
(pdftex.def)             Requested size: 184.31836pt x 138.23853pt.

Underfull \vbox (badness 1502) has occurred while \output is active []

 [4 <./figures/vorticity_map_Re200_Wi2_amp002.pdf> <./figures/N1_map_Rey002_Wi2
_amp002.pdf

pdfTeX warning: pdflatex (file ./figures/N1_map_Rey002_Wi2_amp002.pdf): PDF inc
lusion: multiple pdfs with page group included in a single page
>] <./figures/dispersions_varyRe.pdf, id=618, 451.6875pt x 279.14288pt>
File: ./figures/dispersions_varyRe.pdf Graphic file (type pdf)

<use ./figures/dispersions_varyRe.pdf>
Package pdftex.def Info: ./figures/dispersions_varyRe.pdf used on input line 42
8.
(pdftex.def)             Requested size: 384.0pt x 237.32367pt.

<./figures/dispersions_varyWi.pdf, id=619, 451.6875pt x 279.14288pt>
File: ./figures/dispersions_varyWi.pdf Graphic file (type pdf)

<use ./figures/dispersions_varyWi.pdf>
Package pdftex.def Info: ./figures/dispersions_varyWi.pdf used on input line 44
5.
(pdftex.def)             Requested size: 384.0pt x 237.32367pt.

<./figures/dispersions_varslip.pdf, id=620, 451.6875pt x 279.14288pt>
File: ./figures/dispersions_varslip.pdf Graphic file (type pdf)

<use ./figures/dispersions_varslip.pdf>
Package pdftex.def Info: ./figures/dispersions_varslip.pdf used on input line 4
74.
(pdftex.def)             Requested size: 384.0pt x 237.32367pt.
 [5] [6 <./figures/dispersions_varyRe.pdf> <./figures/dispersions_varyWi.pdf

pdfTeX warning: pdflatex (file ./figures/dispersions_varyWi.pdf): PDF inclusion
: multiple pdfs with page group included in a single page
>] <./figures/eigenmode_visco.pdf, id=690, 722.7pt x 635.97598pt>
File: ./figures/eigenmode_visco.pdf Graphic file (type pdf)

<use ./figures/eigenmode_visco.pdf>
Package pdftex.def Info: ./figures/eigenmode_visco.pdf used on input line 498.
(pdftex.def)             Requested size: 384.0pt x 337.91963pt.

Underfull \vbox (badness 10000) has occurred while \output is active []

 [7 <./figures/dispersions_varslip.pdf>]
<./figures/nonlin_forcing.pdf, id=729, 514.02036pt x 317.98799pt>
File: ./figures/nonlin_forcing.pdf Graphic file (type pdf)

<use ./figures/nonlin_forcing.pdf>
Package pdftex.def Info: ./figures/nonlin_forcing.pdf used on input line 541.
(pdftex.def)             Requested size: 384.0pt x 237.55879pt.
 [8 <./figures/eigenmode_visco.pdf>]
<./figures/vara_ev_kx001_Wi2_log.pdf, id=754, 467.74126pt x 289.08pt>
File: ./figures/vara_ev_kx001_Wi2_log.pdf Graphic file (type pdf)

<use ./figures/vara_ev_kx001_Wi2_log.pdf>
Package pdftex.def Info: ./figures/vara_ev_kx001_Wi2_log.pdf used on input line
 569.
(pdftex.def)             Requested size: 384.0pt x 237.33383pt.

<./figures/eigenmode_varslip.pdf, id=755, 722.7pt x 635.97598pt>
File: ./figures/eigenmode_varslip.pdf Graphic file (type pdf)

<use ./figures/eigenmode_varslip.pdf>
Package pdftex.def Info: ./figures/eigenmode_varslip.pdf used on input line 581
.
(pdftex.def)             Requested size: 384.0pt x 337.91963pt.

Overfull \hbox (0.55618pt too wide) in paragraph at lines 594--600
[]\OT1/cmr/m/n/10 We have shown that the ve-loc-ity pro-file for the plane Cou-
ette vis-coelas-tic self-sustaining
 []


Underfull \vbox (badness 10000) has occurred while \output is active []

 [9 <./figures/nonlin_forcing.pdf>] (./SSP_paper.bbl [10 <./figures/vara_ev_kx0
01_Wi2_log.pdf>]) [11 <./figures/eigenmode_varslip.pdf>] (./SSP_paper.aux)

LaTeX Warning: There were undefined references.


LaTeX Warning: There were multiply-defined labels.

 ) 
Here is how much of TeX's memory you used:
 4671 strings out of 493315
 67952 string characters out of 6137905
 137392 words of memory out of 5000000
 8044 multiletter control sequences out of 15000+600000
 17836 words of font info for 66 fonts, out of 8000000 for 9000
 957 hyphenation exceptions out of 8191
 38i,12n,38p,643b,400s stack positions out of 5000i,500n,10000p,200000b,80000s
</usr/local/texlive/2013/texmf-dist/fonts/type1/public/amsfonts/cm/cmbx10.pfb
></usr/local/texlive/2013/texmf-dist/fonts/type1/public/amsfonts/cm/cmbx12.pfb>
</usr/local/texlive/2013/texmf-dist/fonts/type1/public/amsfonts/cm/cmbx9.pfb></
usr/local/texlive/2013/texmf-dist/fonts/type1/public/amsfonts/cm/cmcsc10.pfb></
usr/local/texlive/2013/texmf-dist/fonts/type1/public/amsfonts/cm/cmex10.pfb></u
sr/local/texlive/2013/texmf-dist/fonts/type1/public/amsfonts/cm/cmmi10.pfb></us
r/local/texlive/2013/texmf-dist/fonts/type1/public/amsfonts/cm/cmmi5.pfb></usr/
local/texlive/2013/texmf-dist/fonts/type1/public/amsfonts/cm/cmmi7.pfb></usr/lo
cal/texlive/2013/texmf-dist/fonts/type1/public/amsfonts/cm/cmmib10.pfb></usr/lo
cal/texlive/2013/texmf-dist/fonts/type1/public/amsfonts/cm/cmr10.pfb></usr/loca
l/texlive/2013/texmf-dist/fonts/type1/public/amsfonts/cm/cmr6.pfb></usr/local/t
exlive/2013/texmf-dist/fonts/type1/public/amsfonts/cm/cmr7.pfb></usr/local/texl
ive/2013/texmf-dist/fonts/type1/public/amsfonts/cm/cmr8.pfb></usr/local/texlive
/2013/texmf-dist/fonts/type1/public/amsfonts/cm/cmr9.pfb></usr/local/texlive/20
13/texmf-dist/fonts/type1/public/amsfonts/cm/cmsy10.pfb></usr/local/texlive/201
3/texmf-dist/fonts/type1/public/amsfonts/cm/cmsy7.pfb></usr/local/texlive/2013/
texmf-dist/fonts/type1/public/amsfonts/cm/cmsy9.pfb></usr/local/texlive/2013/te
xmf-dist/fonts/type1/public/amsfonts/cm/cmti10.pfb></usr/local/texlive/2013/tex
mf-dist/fonts/type1/public/amsfonts/cm/cmti8.pfb></usr/local/texlive/2013/texmf
-dist/fonts/type1/public/amsfonts/cm/cmti9.pfb>
Output written on SSP_paper.pdf (11 pages, 850542 bytes).
PDF statistics:
 945 PDF objects out of 1000 (max. 8388607)
 178 compressed objects within 2 object streams
 0 named destinations out of 1000 (max. 500000)
 46 words of extra memory for PDF output out of 10000 (max. 10000000)

